<?xml version="1.0" encoding="UTF-8"?>
<!-- Generated by org.testng.reporters.JUnitReportReporter -->
<testsuite name="qsp.Demo" tests="1" time="5.074" ignored="0" failures="0" timestamp="16 Feb 2017 17:22:35 GMT" skipped="0" hostname="VAIO-VAIO" errors="0">
  <testcase name="m3" time="5.074" classname="qsp.Demo"/>
</testsuite> <!-- qsp.Demo -->
